Freezeing 0 blocks...
Model Instantiated successfully! Parameters: 1.528106 Million
Model parameters: 1.528 Million
Epoch 1 | Train Loss: 1.4339 | Train Accuracy: 46.73%                                                                                                                               
Epoch 1 | Test Loss:  1.2203 | Test Accuracy:  56.87%                                                                                                                               
--------------------
Epoch 2 | Train Loss: 0.9414 | Train Accuracy: 66.81%                                                                                                                               
Epoch 2 | Test Loss:  0.9013 | Test Accuracy:  68.53%                                                                                                                               
--------------------
Finished Training. Best Test Accuracy: 68.53%
Training time: 3.85 minutes
==================== 

Freezeing 1 blocks...
Model Instantiated successfully! Parameters: 1.528106 Million
Model parameters: 1.528 Million
Epoch 1 | Train Loss: 1.3929 | Train Accuracy: 47.74%                                                                                                                               
Epoch 1 | Test Loss:  1.0994 | Test Accuracy:  60.34%                                                                                                                               
--------------------
Epoch 2 | Train Loss: 0.9417 | Train Accuracy: 66.24%                                                                                                                               
Epoch 2 | Test Loss:  0.8946 | Test Accuracy:  67.99%                                                                                                                               
--------------------
Finished Training. Best Test Accuracy: 67.99%
Training time: 3.80 minutes
==================== 

Freezeing 2 blocks...
Model Instantiated successfully! Parameters: 1.528106 Million
Model parameters: 1.528 Million
Epoch 1 | Train Loss: 1.3967 | Train Accuracy: 47.63%                                                                                                                               
Epoch 1 | Test Loss:  1.0741 | Test Accuracy:  61.27%                                                                                                                               
--------------------
Epoch 2 | Train Loss: 0.8598 | Train Accuracy: 69.28%                                                                                                                               
Epoch 2 | Test Loss:  1.0216 | Test Accuracy:  66.54%                                                                                                                               
--------------------
Finished Training. Best Test Accuracy: 66.54%
Training time: 3.73 minutes
==================== 

Freezeing 3 blocks...
Model Instantiated successfully! Parameters: 1.528106 Million
Model parameters: 1.528 Million
Epoch 1 | Train Loss: 1.3027 | Train Accuracy: 51.32%                                                                                                                               
Epoch 1 | Test Loss:  1.0139 | Test Accuracy:  64.05%                                                                                                                               
--------------------
Epoch 2 | Train Loss: 0.7903 | Train Accuracy: 71.88%                                                                                                                               
Epoch 2 | Test Loss:  0.7473 | Test Accuracy:  73.95%                                                                                                                               
--------------------
Finished Training. Best Test Accuracy: 73.95%
Training time: 3.74 minutes
==================== 

Freezeing 4 blocks...
Model Instantiated successfully! Parameters: 1.528106 Million
Model parameters: 1.528 Million
Epoch 1 | Train Loss: 1.2624 | Train Accuracy: 53.39%                                                                                                                               
Epoch 1 | Test Loss:  1.0926 | Test Accuracy:  61.55%                                                                                                                               
--------------------
Epoch 2 | Train Loss: 0.7805 | Train Accuracy: 72.28%                                                                                                                               
Epoch 2 | Test Loss:  0.7670 | Test Accuracy:  73.48%                                                                                                                               
--------------------
Finished Training. Best Test Accuracy: 73.48%
Training time: 3.69 minutes
==================== 

Freezeing 5 blocks...
Model Instantiated successfully! Parameters: 1.528106 Million
Model parameters: 1.528 Million
Epoch 1 | Train Loss: 1.1531 | Train Accuracy: 57.70%                                                                                                                               
Epoch 1 | Test Loss:  0.8443 | Test Accuracy:  69.73%                                                                                                                               
--------------------
Epoch 2 | Train Loss: 0.6893 | Train Accuracy: 75.81%                                                                                                                               
Epoch 2 | Test Loss:  0.6420 | Test Accuracy:  77.86%                                                                                                                               
--------------------
Finished Training. Best Test Accuracy: 77.86%
Training time: 3.78 minutes
==================== 

Freezeing 6 blocks...
Model Instantiated successfully! Parameters: 1.528106 Million
Model parameters: 1.528 Million
Epoch 1 | Train Loss: 1.1182 | Train Accuracy: 58.97%                                                                                                                               
Epoch 1 | Test Loss:  0.8148 | Test Accuracy:  71.17%                                                                                                                               
--------------------
Epoch 2 | Train Loss: 0.6593 | Train Accuracy: 77.00%                                                                                                                               
Epoch 2 | Test Loss:  0.6948 | Test Accuracy:  76.68%                                                                                                                               
--------------------
Finished Training. Best Test Accuracy: 76.68%
Training time: 3.78 minutes
==================== 

Freezeing 7 blocks...
Model Instantiated successfully! Parameters: 1.528106 Million
Model parameters: 1.528 Million
Epoch 1 | Train Loss: 1.0813 | Train Accuracy: 60.43%                                                                                                                               
Epoch 1 | Test Loss:  0.8474 | Test Accuracy:  70.54%                                                                                                                               
--------------------
Epoch 2 | Train Loss: 0.6133 | Train Accuracy: 78.59%                                                                                                                               
Epoch 2 | Test Loss:  0.5885 | Test Accuracy:  79.78%                                                                                                                               
--------------------
Finished Training. Best Test Accuracy: 79.78%
Training time: 3.76 minutes
==================== 

Freezeing 8 blocks...
Model Instantiated successfully! Parameters: 1.528106 Million
Model parameters: 1.528 Million
Epoch 1 | Train Loss: 0.9910 | Train Accuracy: 63.99%                                                                                                                               
Epoch 1 | Test Loss:  0.6975 | Test Accuracy:  76.47%                                                                                                                               
--------------------
Epoch 2 | Train Loss: 0.5454 | Train Accuracy: 81.21%                                                                                                                               
Epoch 2 | Test Loss:  0.5285 | Test Accuracy:  81.83%                                                                                                                               
--------------------
Finished Training. Best Test Accuracy: 81.83%
Training time: 3.83 minutes
==================== 

Freezeing 9 blocks...
Model Instantiated successfully! Parameters: 1.528106 Million
Model parameters: 1.528 Million
Epoch 1 | Train Loss: 0.9120 | Train Accuracy: 67.39%                                                                                                                               
Epoch 1 | Test Loss:  0.6685 | Test Accuracy:  77.11%                                                                                                                               
--------------------
Epoch 2 | Train Loss: 0.4813 | Train Accuracy: 83.38%                                                                                                                               
Epoch 2 | Test Loss:  0.4756 | Test Accuracy:  83.57%                                                                                                                               
--------------------
Finished Training. Best Test Accuracy: 83.57%
Training time: 3.82 minutes
==================== 

Freezeing 10 blocks...
Model Instantiated successfully! Parameters: 1.528106 Million
Model parameters: 1.528 Million
Epoch 1 | Train Loss: 0.8097 | Train Accuracy: 71.20%                                                                                                                               
Epoch 1 | Test Loss:  0.5628 | Test Accuracy:  80.81%                                                                                                                               
--------------------
Epoch 2 | Train Loss: 0.4128 | Train Accuracy: 85.84%                                                                                                                               
Epoch 2 | Test Loss:  0.4139 | Test Accuracy:  85.98%                                                                                                                               
--------------------
Finished Training. Best Test Accuracy: 85.98%
Training time: 3.75 minutes
==================== 

Freezeing 11 blocks...
Model Instantiated successfully! Parameters: 1.528106 Million
Model parameters: 1.528 Million
Epoch 1 | Train Loss: 0.7468 | Train Accuracy: 73.49%                                                                                                                               
Epoch 1 | Test Loss:  0.5121 | Test Accuracy:  82.32%                                                                                                                               
--------------------
Epoch 2 | Train Loss: 0.3724 | Train Accuracy: 87.28%                                                                                                                               
Epoch 2 | Test Loss:  0.4085 | Test Accuracy:  85.81%                                                                                                                               
--------------------
Finished Training. Best Test Accuracy: 85.81%
Training time: 3.79 minutes
==================== 

Training completed!