Files already downloaded and verified
Files already downloaded and verified
Freezeing 5 blocks...
Freezing weights: False
Model parameters: 1.528 Million
Epoch 1 | Train Loss: 1.4606 | Train Accuracy: 45.71%
Epoch 1 | Test Loss:  1.1699 | Test Accuracy:  56.99%
--------------------
Epoch 2 | Train Loss: 1.0385 | Train Accuracy: 62.47%
Epoch 2 | Test Loss:  0.9633 | Test Accuracy:  65.25%
--------------------
Epoch 3 | Train Loss: 0.8732 | Train Accuracy: 68.52%
Epoch 3 | Test Loss:  0.8735 | Test Accuracy:  68.44%
--------------------
Epoch 4 | Train Loss: 0.7563 | Train Accuracy: 72.99%
Epoch 4 | Test Loss:  0.8327 | Test Accuracy:  70.49%
--------------------
Epoch 5 | Train Loss: 0.6617 | Train Accuracy: 76.28%
Epoch 5 | Test Loss:  0.7912 | Test Accuracy:  72.07%
--------------------
Epoch 6 | Train Loss: 0.5775 | Train Accuracy: 79.30%
Epoch 6 | Test Loss:  0.7542 | Test Accuracy:  73.91%
--------------------
Epoch 7 | Train Loss: 0.5020 | Train Accuracy: 82.12%
Epoch 7 | Test Loss:  0.7489 | Test Accuracy:  74.64%
--------------------
Epoch 8 | Train Loss: 0.4351 | Train Accuracy: 84.54%
Epoch 8 | Test Loss:  0.7599 | Test Accuracy:  74.91%
--------------------
Epoch 9 | Train Loss: 0.3750 | Train Accuracy: 86.40%
Epoch 9 | Test Loss:  0.8356 | Test Accuracy:  74.56%
--------------------
Epoch 10 | Train Loss: 0.3164 | Train Accuracy: 88.78%
Epoch 10 | Test Loss:  0.8603 | Test Accuracy:  74.74%
--------------------
Epoch 11 | Train Loss: 0.2668 | Train Accuracy: 90.39%
Epoch 11 | Test Loss:  0.9059 | Test Accuracy:  74.27%
--------------------
Epoch 12 | Train Loss: 0.2246 | Train Accuracy: 91.94%
Epoch 12 | Test Loss:  0.9744 | Test Accuracy:  73.93%
--------------------
Epoch 13 | Train Loss: 0.1900 | Train Accuracy: 93.24%
Epoch 13 | Test Loss:  1.0454 | Test Accuracy:  73.74%
No improvement in 5 epochs. Early stopping.
Finished Training. Best Test Accuracy: 74.91%
Training time: 24.19 minutes
==================== 

Freezeing 6 blocks...
Freezing weights: False
Model parameters: 1.528 Million
Epoch 1 | Train Loss: 1.4611 | Train Accuracy: 45.45%
Epoch 1 | Test Loss:  1.1223 | Test Accuracy:  59.48%
--------------------
Epoch 2 | Train Loss: 1.0081 | Train Accuracy: 63.13%
Epoch 2 | Test Loss:  0.9098 | Test Accuracy:  66.92%
--------------------
Epoch 3 | Train Loss: 0.8374 | Train Accuracy: 69.89%
Epoch 3 | Test Loss:  0.8168 | Test Accuracy:  70.54%
--------------------
Epoch 4 | Train Loss: 0.7219 | Train Accuracy: 74.12%
Epoch 4 | Test Loss:  0.7419 | Test Accuracy:  73.65%
--------------------
Epoch 5 | Train Loss: 0.6269 | Train Accuracy: 77.53%
Epoch 5 | Test Loss:  0.6986 | Test Accuracy:  74.91%
--------------------
Epoch 6 | Train Loss: 0.5429 | Train Accuracy: 80.73%
Epoch 6 | Test Loss:  0.6827 | Test Accuracy:  75.74%
--------------------
Epoch 7 | Train Loss: 0.4742 | Train Accuracy: 83.16%
Epoch 7 | Test Loss:  0.6703 | Test Accuracy:  77.04%
--------------------
Epoch 8 | Train Loss: 0.4076 | Train Accuracy: 85.60%
Epoch 8 | Test Loss:  0.6854 | Test Accuracy:  77.26%
--------------------
Epoch 9 | Train Loss: 0.3443 | Train Accuracy: 87.73%
Epoch 9 | Test Loss:  0.7134 | Test Accuracy:  77.15%
--------------------
Epoch 10 | Train Loss: 0.2936 | Train Accuracy: 89.53%
Epoch 10 | Test Loss:  0.7357 | Test Accuracy:  77.66%
--------------------
Epoch 11 | Train Loss: 0.2398 | Train Accuracy: 91.57%
Epoch 11 | Test Loss:  0.8127 | Test Accuracy:  77.56%
--------------------
Epoch 12 | Train Loss: 0.2086 | Train Accuracy: 92.56%
Epoch 12 | Test Loss:  0.8381 | Test Accuracy:  77.32%
--------------------
Epoch 13 | Train Loss: 0.1676 | Train Accuracy: 94.11%
Epoch 13 | Test Loss:  0.9320 | Test Accuracy:  76.93%
--------------------
Epoch 14 | Train Loss: 0.1403 | Train Accuracy: 95.06%
Epoch 14 | Test Loss:  0.9453 | Test Accuracy:  77.71%
--------------------
Epoch 15 | Train Loss: 0.1129 | Train Accuracy: 95.99%
Epoch 15 | Test Loss:  1.0226 | Test Accuracy:  77.33%
--------------------
Epoch 16 | Train Loss: 0.0948 | Train Accuracy: 96.77%
Epoch 16 | Test Loss:  1.0559 | Test Accuracy:  77.64%
--------------------
Epoch 17 | Train Loss: 0.0922 | Train Accuracy: 96.69%
Epoch 17 | Test Loss:  1.0680 | Test Accuracy:  77.15%
--------------------
Epoch 18 | Train Loss: 0.0773 | Train Accuracy: 97.34%
Epoch 18 | Test Loss:  1.1057 | Test Accuracy:  76.77%
--------------------
Epoch 19 | Train Loss: 0.0725 | Train Accuracy: 97.40%
Epoch 19 | Test Loss:  1.1559 | Test Accuracy:  76.67%
No improvement in 5 epochs. Early stopping.
Finished Training. Best Test Accuracy: 77.71%
Training time: 35.64 minutes
==================== 

Freezeing 7 blocks...
Freezing weights: False
Model parameters: 1.528 Million
Epoch 1 | Train Loss: 1.4482 | Train Accuracy: 45.87%
Epoch 1 | Test Loss:  1.1219 | Test Accuracy:  59.44%
--------------------
Epoch 2 | Train Loss: 0.9884 | Train Accuracy: 64.10%
Epoch 2 | Test Loss:  0.8897 | Test Accuracy:  67.63%
--------------------
Epoch 3 | Train Loss: 0.8004 | Train Accuracy: 71.26%
Epoch 3 | Test Loss:  0.7781 | Test Accuracy:  71.95%
--------------------
Epoch 4 | Train Loss: 0.6775 | Train Accuracy: 75.88%
Epoch 4 | Test Loss:  0.6959 | Test Accuracy:  74.97%
--------------------
Epoch 5 | Train Loss: 0.5820 | Train Accuracy: 79.56%
Epoch 5 | Test Loss:  0.6556 | Test Accuracy:  77.23%
--------------------
Epoch 6 | Train Loss: 0.5030 | Train Accuracy: 82.19%
Epoch 6 | Test Loss:  0.6223 | Test Accuracy:  78.76%
--------------------
Epoch 7 | Train Loss: 0.4344 | Train Accuracy: 84.82%
Epoch 7 | Test Loss:  0.6195 | Test Accuracy:  78.91%
--------------------
Epoch 8 | Train Loss: 0.3738 | Train Accuracy: 86.84%
Epoch 8 | Test Loss:  0.6086 | Test Accuracy:  79.99%
--------------------
Epoch 9 | Train Loss: 0.3174 | Train Accuracy: 88.79%
Epoch 9 | Test Loss:  0.6853 | Test Accuracy:  78.55%
--------------------
Epoch 10 | Train Loss: 0.2674 | Train Accuracy: 90.49%
Epoch 10 | Test Loss:  0.6929 | Test Accuracy:  79.52%
--------------------
Epoch 11 | Train Loss: 0.2234 | Train Accuracy: 92.19%
Epoch 11 | Test Loss:  0.7431 | Test Accuracy:  78.97%
--------------------
Epoch 12 | Train Loss: 0.1802 | Train Accuracy: 93.66%
Epoch 12 | Test Loss:  0.8209 | Test Accuracy:  78.79%
--------------------
Epoch 13 | Train Loss: 0.1487 | Train Accuracy: 94.84%
Epoch 13 | Test Loss:  0.9137 | Test Accuracy:  77.77%
No improvement in 5 epochs. Early stopping.
Finished Training. Best Test Accuracy: 79.99%
Training time: 24.42 minutes
==================== 

Freezeing 8 blocks...
Freezing weights: False
Model parameters: 1.528 Million
Epoch 1 | Train Loss: 1.3786 | Train Accuracy: 48.93%
Epoch 1 | Test Loss:  1.0355 | Test Accuracy:  61.95%
--------------------
Epoch 2 | Train Loss: 0.9005 | Train Accuracy: 67.43%
Epoch 2 | Test Loss:  0.8082 | Test Accuracy:  70.13%
--------------------
Epoch 3 | Train Loss: 0.7064 | Train Accuracy: 74.69%
Epoch 3 | Test Loss:  0.6979 | Test Accuracy:  74.92%
--------------------
Epoch 4 | Train Loss: 0.5798 | Train Accuracy: 79.30%
Epoch 4 | Test Loss:  0.6247 | Test Accuracy:  78.12%
--------------------
Epoch 5 | Train Loss: 0.4853 | Train Accuracy: 82.69%
Epoch 5 | Test Loss:  0.5924 | Test Accuracy:  79.47%
--------------------
Epoch 6 | Train Loss: 0.4116 | Train Accuracy: 85.41%
Epoch 6 | Test Loss:  0.5690 | Test Accuracy:  80.89%
--------------------
Epoch 7 | Train Loss: 0.3395 | Train Accuracy: 87.89%
Epoch 7 | Test Loss:  0.6044 | Test Accuracy:  80.98%
--------------------
Epoch 8 | Train Loss: 0.2829 | Train Accuracy: 90.02%
Epoch 8 | Test Loss:  0.6262 | Test Accuracy:  80.29%
--------------------
Epoch 9 | Train Loss: 0.2277 | Train Accuracy: 91.94%
Epoch 9 | Test Loss:  0.6538 | Test Accuracy:  80.29%
--------------------
Epoch 10 | Train Loss: 0.1817 | Train Accuracy: 93.61%
Epoch 10 | Test Loss:  0.6935 | Test Accuracy:  80.79%
--------------------
Epoch 11 | Train Loss: 0.1455 | Train Accuracy: 94.83%
Epoch 11 | Test Loss:  0.7759 | Test Accuracy:  80.22%
--------------------
Epoch 12 | Train Loss: 0.1189 | Train Accuracy: 95.81%
Epoch 12 | Test Loss:  0.7812 | Test Accuracy:  80.50%
No improvement in 5 epochs. Early stopping.
Finished Training. Best Test Accuracy: 80.98%
Training time: 22.49 minutes
==================== 

Freezeing 9 blocks...
Freezing weights: False
Model parameters: 1.528 Million
Epoch 1 | Train Loss: 1.3153 | Train Accuracy: 51.71%
Epoch 1 | Test Loss:  0.8832 | Test Accuracy:  68.14%
--------------------
Epoch 2 | Train Loss: 0.7679 | Train Accuracy: 72.79%
Epoch 2 | Test Loss:  0.6666 | Test Accuracy:  76.39%
--------------------
Epoch 3 | Train Loss: 0.5809 | Train Accuracy: 79.66%
Epoch 3 | Test Loss:  0.5709 | Test Accuracy:  80.18%
--------------------
Epoch 4 | Train Loss: 0.4738 | Train Accuracy: 83.43%
Epoch 4 | Test Loss:  0.5343 | Test Accuracy:  81.93%
--------------------
Epoch 5 | Train Loss: 0.3929 | Train Accuracy: 86.26%
Epoch 5 | Test Loss:  0.5167 | Test Accuracy:  82.59%
--------------------
Epoch 6 | Train Loss: 0.3207 | Train Accuracy: 88.91%
Epoch 6 | Test Loss:  0.5152 | Test Accuracy:  83.29%
--------------------
Epoch 7 | Train Loss: 0.2632 | Train Accuracy: 90.96%
Epoch 7 | Test Loss:  0.5248 | Test Accuracy:  83.20%
--------------------
Epoch 8 | Train Loss: 0.2128 | Train Accuracy: 92.60%
Epoch 8 | Test Loss:  0.5627 | Test Accuracy:  83.00%
--------------------
Epoch 9 | Train Loss: 0.1706 | Train Accuracy: 94.06%
Epoch 9 | Test Loss:  0.5682 | Test Accuracy:  83.50%
--------------------
Epoch 10 | Train Loss: 0.1307 | Train Accuracy: 95.31%
Epoch 10 | Test Loss:  0.6368 | Test Accuracy:  83.49%
--------------------
Epoch 11 | Train Loss: 0.1051 | Train Accuracy: 96.27%
Epoch 11 | Test Loss:  0.6893 | Test Accuracy:  82.77%
--------------------
Epoch 12 | Train Loss: 0.0824 | Train Accuracy: 97.14%
Epoch 12 | Test Loss:  0.7311 | Test Accuracy:  83.07%
--------------------
Epoch 13 | Train Loss: 0.0691 | Train Accuracy: 97.65%
Epoch 13 | Test Loss:  0.7542 | Test Accuracy:  82.89%
--------------------
Epoch 14 | Train Loss: 0.0587 | Train Accuracy: 97.99%
Epoch 14 | Test Loss:  0.7501 | Test Accuracy:  83.54%
--------------------
Epoch 15 | Train Loss: 0.0501 | Train Accuracy: 98.30%
Epoch 15 | Test Loss:  0.7895 | Test Accuracy:  82.99%
--------------------
Epoch 16 | Train Loss: 0.0464 | Train Accuracy: 98.45%
Epoch 16 | Test Loss:  0.8850 | Test Accuracy:  81.75%
--------------------
Epoch 17 | Train Loss: 0.0404 | Train Accuracy: 98.64%
Epoch 17 | Test Loss:  0.8266 | Test Accuracy:  82.99%
--------------------
Epoch 18 | Train Loss: 0.0428 | Train Accuracy: 98.51%
Epoch 18 | Test Loss:  0.8094 | Test Accuracy:  83.39%
--------------------
Epoch 19 | Train Loss: 0.0366 | Train Accuracy: 98.74%
Epoch 19 | Test Loss:  0.7755 | Test Accuracy:  83.81%
--------------------
Epoch 20 | Train Loss: 0.0334 | Train Accuracy: 98.86%
Epoch 20 | Test Loss:  0.8504 | Test Accuracy:  83.35%
--------------------
Finished Training. Best Test Accuracy: 83.81%
Training time: 37.53 minutes
==================== 

Training completed!
