Files already downloaded and verified
Files already downloaded and verified
Freezeing 5 blocks...
Freezing weights: False
Model parameters: 1.528 Million
Epoch 1 | Train Loss: 1.5021 | Train Accuracy: 44.34%                                                                                                                               
Epoch 1 | Test Loss:  1.1624 | Test Accuracy:  57.53%                                                                                                                               
--------------------
Epoch 2 | Train Loss: 1.1117 | Train Accuracy: 59.71%                                                                                                                               
Epoch 2 | Test Loss:  0.9965 | Test Accuracy:  63.85%                                                                                                                               
--------------------
Epoch 3 | Train Loss: 0.9669 | Train Accuracy: 65.38%                                                                                                                               
Epoch 3 | Test Loss:  0.8606 | Test Accuracy:  68.80%                                                                                                                               
--------------------
Epoch 4 | Train Loss: 0.8705 | Train Accuracy: 69.34%                                                                                                                               
Epoch 4 | Test Loss:  0.7850 | Test Accuracy:  71.97%                                                                                                                               
--------------------
Epoch 5 | Train Loss: 0.8003 | Train Accuracy: 71.45%                                                                                                                               
Epoch 5 | Test Loss:  0.7218 | Test Accuracy:  74.75%                                                                                                                               
--------------------
Epoch 6 | Train Loss: 0.7462 | Train Accuracy: 73.54%                                                                                                                               
Epoch 6 | Test Loss:  0.6805 | Test Accuracy:  76.57%                                                                                                                               
--------------------
Epoch 7 | Train Loss: 0.6962 | Train Accuracy: 75.33%                                                                                                                               
Epoch 7 | Test Loss:  0.6474 | Test Accuracy:  77.41%                                                                                                                               
--------------------
Epoch 8 | Train Loss: 0.6657 | Train Accuracy: 76.50%                                                                                                                               
Epoch 8 | Test Loss:  0.6315 | Test Accuracy:  78.07%                                                                                                                               
--------------------
Epoch 9 | Train Loss: 0.6317 | Train Accuracy: 77.60%                                                                                                                               
Epoch 9 | Test Loss:  0.5947 | Test Accuracy:  79.79%                                                                                                                               
--------------------
Epoch 10 | Train Loss: 0.5991 | Train Accuracy: 78.90%                                                                                                                              
Epoch 10 | Test Loss:  0.5948 | Test Accuracy:  79.62%                                                                                                                              
--------------------
Finished Training. Best Test Accuracy: 79.79%
Training time: 28.90 minutes
==================== 

Freezeing 6 blocks...
Freezing weights: False
Model parameters: 1.528 Million
Epoch 1 | Train Loss: 1.5041 | Train Accuracy: 43.86%                                                                                                                               
Epoch 1 | Test Loss:  1.1635 | Test Accuracy:  57.59%                                                                                                                               
--------------------
Epoch 2 | Train Loss: 1.0923 | Train Accuracy: 60.84%                                                                                                                               
Epoch 2 | Test Loss:  0.9372 | Test Accuracy:  66.01%                                                                                                                               
--------------------
Epoch 3 | Train Loss: 0.9353 | Train Accuracy: 66.51%                                                                                                                               
Epoch 3 | Test Loss:  0.8256 | Test Accuracy:  70.39%                                                                                                                               
--------------------
Epoch 4 | Train Loss: 0.8388 | Train Accuracy: 70.22%                                                                                                                               
Epoch 4 | Test Loss:  0.7369 | Test Accuracy:  73.89%                                                                                                                               
--------------------
Epoch 5 | Train Loss: 0.7617 | Train Accuracy: 72.93%                                                                                                                               
Epoch 5 | Test Loss:  0.6800 | Test Accuracy:  76.00%                                                                                                                               
--------------------
Epoch 6 | Train Loss: 0.7068 | Train Accuracy: 75.04%                                                                                                                               
Epoch 6 | Test Loss:  0.6533 | Test Accuracy:  76.62%                                                                                                                               
--------------------
Epoch 7 | Train Loss: 0.6613 | Train Accuracy: 76.89%                                                                                                                               
Epoch 7 | Test Loss:  0.6030 | Test Accuracy:  78.96%                                                                                                                               
--------------------
Epoch 8 | Train Loss: 0.6193 | Train Accuracy: 78.29%                                                                                                                               
Epoch 8 | Test Loss:  0.5979 | Test Accuracy:  79.08%                                                                                                                               
--------------------
Epoch 9 | Train Loss: 0.5891 | Train Accuracy: 79.42%                                                                                                                               
Epoch 9 | Test Loss:  0.5620 | Test Accuracy:  80.64%                                                                                                                               
--------------------
Epoch 10 | Train Loss: 0.5534 | Train Accuracy: 80.43%                                                                                                                              
Epoch 10 | Test Loss:  0.5397 | Test Accuracy:  81.36%                                                                                                                              
--------------------
Finished Training. Best Test Accuracy: 81.36%
Training time: 25.03 minutes
==================== 

Freezeing 7 blocks...
Freezing weights: False
Model parameters: 1.528 Million
Epoch 1 | Train Loss: 1.4970 | Train Accuracy: 44.40%                                                                                                                               
Epoch 1 | Test Loss:  1.1147 | Test Accuracy:  58.96%                                                                                                                               
--------------------
Epoch 2 | Train Loss: 1.0572 | Train Accuracy: 61.92%                                                                                                                               
Epoch 2 | Test Loss:  0.9019 | Test Accuracy:  67.21%                                                                                                                               
--------------------
Epoch 3 | Train Loss: 0.8818 | Train Accuracy: 68.58%                                                                                                                               
Epoch 3 | Test Loss:  0.7614 | Test Accuracy:  72.97%                                                                                                                               
--------------------
Epoch 4 | Train Loss: 0.7692 | Train Accuracy: 72.90%                                                                                                                               
Epoch 4 | Test Loss:  0.6840 | Test Accuracy:  76.15%                                                                                                                               
--------------------
Epoch 5 | Train Loss: 0.6914 | Train Accuracy: 75.83%                                                                                                                               
Epoch 5 | Test Loss:  0.6211 | Test Accuracy:  78.43%                                                                                                                               
--------------------
Epoch 6 | Train Loss: 0.6356 | Train Accuracy: 77.80%                                                                                                                               
Epoch 6 | Test Loss:  0.5847 | Test Accuracy:  79.53%                                                                                                                               
--------------------
Epoch 7 | Train Loss: 0.5907 | Train Accuracy: 79.28%                                                                                                                               
Epoch 7 | Test Loss:  0.5555 | Test Accuracy:  80.69%                                                                                                                               
--------------------
Epoch 8 | Train Loss: 0.5505 | Train Accuracy: 80.66%                                                                                                                               
Epoch 8 | Test Loss:  0.5227 | Test Accuracy:  81.73%                                                                                                                               
--------------------
Epoch 9 | Train Loss: 0.5148 | Train Accuracy: 82.00%                                                                                                                               
Epoch 9 | Test Loss:  0.5152 | Test Accuracy:  82.04%                                                                                                                               
--------------------
Epoch 10 | Train Loss: 0.4902 | Train Accuracy: 82.79%                                                                                                                              
Epoch 10 | Test Loss:  0.4747 | Test Accuracy:  83.60%                                                                                                                              
--------------------
Finished Training. Best Test Accuracy: 83.60%
Training time: 26.77 minutes
==================== 